<?xml version="1.0" encoding="UTF-8"?>
<testsuite xmlns:xsi="http://www.w3.org/2001/XMLSchema-instance" xsi:noNamespaceSchemaLocation="https://maven.apache.org/surefire/maven-surefire-plugin/xsd/surefire-test-report-3.0.xsd" version="3.0" name="TestSuite" time="12.949" tests="2" errors="0" skipped="0" failures="0">
  <properties>
    <property name="sun.desktop" value="gnome"/>
    <property name="awt.toolkit" value="sun.awt.X11.XToolkit"/>
    <property name="surefire.suiteXmlFiles" value="src/test/resources/all_tests_suite.xml"/>
    <property name="file.encoding.pkg" value="sun.io"/>
    <property name="java.specification.version" value="1.8"/>
    <property name="webdriver.chrome.driver" value="drivers/repository/chrome_v85/chromedriver"/>
    <property name="sun.cpu.isalist" value=""/>
    <property name="sun.jnu.encoding" value="UTF-8"/>
    <property name="java.class.path" value="/home/c0dexter/IdeaProjects/Selenium/FirstProject/target/test-classes:/home/c0dexter/IdeaProjects/Selenium/FirstProject/target/classes:/home/c0dexter/.m2/repository/javax/xml/bind/jaxb-api/2.3.0/jaxb-api-2.3.0.jar:/home/c0dexter/.m2/repository/org/slf4j/slf4j-simple/1.7.25/slf4j-simple-1.7.25.jar:/home/c0dexter/.m2/repository/org/slf4j/slf4j-api/1.7.25/slf4j-api-1.7.25.jar:/home/c0dexter/.m2/repository/org/aspectj/aspectjweaver/1.9.2/aspectjweaver-1.9.2.jar:/home/c0dexter/.m2/repository/io/qameta/allure/allure-testng/2.10.0/allure-testng-2.10.0.jar:/home/c0dexter/.m2/repository/io/qameta/allure/allure-java-commons/2.10.0/allure-java-commons-2.10.0.jar:/home/c0dexter/.m2/repository/io/qameta/allure/allure-model/2.10.0/allure-model-2.10.0.jar:/home/c0dexter/.m2/repository/com/fasterxml/jackson/core/jackson-databind/2.9.8/jackson-databind-2.9.8.jar:/home/c0dexter/.m2/repository/com/fasterxml/jackson/core/jackson-annotations/2.9.0/jackson-annotations-2.9.0.jar:/home/c0dexter/.m2/repository/com/fasterxml/jackson/core/jackson-core/2.9.8/jackson-core-2.9.8.jar:/home/c0dexter/.m2/repository/org/apache/tika/tika-core/1.20/tika-core-1.20.jar:/home/c0dexter/.m2/repository/org/jooq/joor-java-8/0.9.10/joor-java-8-0.9.10.jar:/home/c0dexter/.m2/repository/org/testng/testng/7.0.0/testng-7.0.0.jar:/home/c0dexter/.m2/repository/com/beust/jcommander/1.72/jcommander-1.72.jar:/home/c0dexter/.m2/repository/org/seleniumhq/selenium/selenium-java/3.141.59/selenium-java-3.141.59.jar:/home/c0dexter/.m2/repository/org/seleniumhq/selenium/selenium-api/3.141.59/selenium-api-3.141.59.jar:/home/c0dexter/.m2/repository/org/seleniumhq/selenium/selenium-chrome-driver/3.141.59/selenium-chrome-driver-3.141.59.jar:/home/c0dexter/.m2/repository/org/seleniumhq/selenium/selenium-edge-driver/3.141.59/selenium-edge-driver-3.141.59.jar:/home/c0dexter/.m2/repository/org/seleniumhq/selenium/selenium-firefox-driver/3.141.59/selenium-firefox-driver-3.141.59.jar:/home/c0dexter/.m2/repository/org/seleniumhq/selenium/selenium-ie-driver/3.141.59/selenium-ie-driver-3.141.59.jar:/home/c0dexter/.m2/repository/org/seleniumhq/selenium/selenium-opera-driver/3.141.59/selenium-opera-driver-3.141.59.jar:/home/c0dexter/.m2/repository/org/seleniumhq/selenium/selenium-remote-driver/3.141.59/selenium-remote-driver-3.141.59.jar:/home/c0dexter/.m2/repository/org/seleniumhq/selenium/selenium-safari-driver/3.141.59/selenium-safari-driver-3.141.59.jar:/home/c0dexter/.m2/repository/org/seleniumhq/selenium/selenium-support/3.141.59/selenium-support-3.141.59.jar:/home/c0dexter/.m2/repository/net/bytebuddy/byte-buddy/1.8.15/byte-buddy-1.8.15.jar:/home/c0dexter/.m2/repository/org/apache/commons/commons-exec/1.3/commons-exec-1.3.jar:/home/c0dexter/.m2/repository/com/google/guava/guava/25.0-jre/guava-25.0-jre.jar:/home/c0dexter/.m2/repository/com/google/code/findbugs/jsr305/1.3.9/jsr305-1.3.9.jar:/home/c0dexter/.m2/repository/org/checkerframework/checker-compat-qual/2.0.0/checker-compat-qual-2.0.0.jar:/home/c0dexter/.m2/repository/com/google/errorprone/error_prone_annotations/2.1.3/error_prone_annotations-2.1.3.jar:/home/c0dexter/.m2/repository/com/google/j2objc/j2objc-annotations/1.1/j2objc-annotations-1.1.jar:/home/c0dexter/.m2/repository/org/codehaus/mojo/animal-sniffer-annotations/1.14/animal-sniffer-annotations-1.14.jar:/home/c0dexter/.m2/repository/com/squareup/okhttp3/okhttp/3.11.0/okhttp-3.11.0.jar:/home/c0dexter/.m2/repository/com/squareup/okio/okio/1.14.0/okio-1.14.0.jar:/home/c0dexter/.m2/repository/org/apache/logging/log4j/log4j-core/2.13.3/log4j-core-2.13.3.jar:/home/c0dexter/.m2/repository/org/apache/logging/log4j/log4j-api/2.13.3/log4j-api-2.13.3.jar:/home/c0dexter/.m2/repository/org/assertj/assertj-core/3.17.2/assertj-core-3.17.2.jar:"/>
    <property name="java.vm.vendor" value="Private Build"/>
    <property name="sun.arch.data.model" value="64"/>
    <property name="java.vendor.url" value="http://java.oracle.com/"/>
    <property name="user.timezone" value="Europe/Warsaw"/>
    <property name="java.vm.specification.version" value="1.8"/>
    <property name="os.name" value="Linux"/>
    <property name="user.country" value="PL"/>
    <property name="sun.java.launcher" value="SUN_STANDARD"/>
    <property name="sun.boot.library.path" value="/usr/lib/jvm/java-8-openjdk-amd64/jre/lib/amd64"/>
    <property name="sun.java.command" value="/home/c0dexter/IdeaProjects/Selenium/FirstProject/target/surefire/surefirebooter2273261939532535277.jar /home/c0dexter/IdeaProjects/Selenium/FirstProject/target/surefire 2020-09-15T22-45-48_010-jvmRun1 surefire7575831140170720452tmp surefire_0179243298105485014tmp"/>
    <property name="surefire.test.class.path" value="/home/c0dexter/IdeaProjects/Selenium/FirstProject/target/test-classes:/home/c0dexter/IdeaProjects/Selenium/FirstProject/target/classes:/home/c0dexter/.m2/repository/javax/xml/bind/jaxb-api/2.3.0/jaxb-api-2.3.0.jar:/home/c0dexter/.m2/repository/org/slf4j/slf4j-simple/1.7.25/slf4j-simple-1.7.25.jar:/home/c0dexter/.m2/repository/org/slf4j/slf4j-api/1.7.25/slf4j-api-1.7.25.jar:/home/c0dexter/.m2/repository/org/aspectj/aspectjweaver/1.9.2/aspectjweaver-1.9.2.jar:/home/c0dexter/.m2/repository/io/qameta/allure/allure-testng/2.10.0/allure-testng-2.10.0.jar:/home/c0dexter/.m2/repository/io/qameta/allure/allure-java-commons/2.10.0/allure-java-commons-2.10.0.jar:/home/c0dexter/.m2/repository/io/qameta/allure/allure-model/2.10.0/allure-model-2.10.0.jar:/home/c0dexter/.m2/repository/com/fasterxml/jackson/core/jackson-databind/2.9.8/jackson-databind-2.9.8.jar:/home/c0dexter/.m2/repository/com/fasterxml/jackson/core/jackson-annotations/2.9.0/jackson-annotations-2.9.0.jar:/home/c0dexter/.m2/repository/com/fasterxml/jackson/core/jackson-core/2.9.8/jackson-core-2.9.8.jar:/home/c0dexter/.m2/repository/org/apache/tika/tika-core/1.20/tika-core-1.20.jar:/home/c0dexter/.m2/repository/org/jooq/joor-java-8/0.9.10/joor-java-8-0.9.10.jar:/home/c0dexter/.m2/repository/org/testng/testng/7.0.0/testng-7.0.0.jar:/home/c0dexter/.m2/repository/com/beust/jcommander/1.72/jcommander-1.72.jar:/home/c0dexter/.m2/repository/org/seleniumhq/selenium/selenium-java/3.141.59/selenium-java-3.141.59.jar:/home/c0dexter/.m2/repository/org/seleniumhq/selenium/selenium-api/3.141.59/selenium-api-3.141.59.jar:/home/c0dexter/.m2/repository/org/seleniumhq/selenium/selenium-chrome-driver/3.141.59/selenium-chrome-driver-3.141.59.jar:/home/c0dexter/.m2/repository/org/seleniumhq/selenium/selenium-edge-driver/3.141.59/selenium-edge-driver-3.141.59.jar:/home/c0dexter/.m2/repository/org/seleniumhq/selenium/selenium-firefox-driver/3.141.59/selenium-firefox-driver-3.141.59.jar:/home/c0dexter/.m2/repository/org/seleniumhq/selenium/selenium-ie-driver/3.141.59/selenium-ie-driver-3.141.59.jar:/home/c0dexter/.m2/repository/org/seleniumhq/selenium/selenium-opera-driver/3.141.59/selenium-opera-driver-3.141.59.jar:/home/c0dexter/.m2/repository/org/seleniumhq/selenium/selenium-remote-driver/3.141.59/selenium-remote-driver-3.141.59.jar:/home/c0dexter/.m2/repository/org/seleniumhq/selenium/selenium-safari-driver/3.141.59/selenium-safari-driver-3.141.59.jar:/home/c0dexter/.m2/repository/org/seleniumhq/selenium/selenium-support/3.141.59/selenium-support-3.141.59.jar:/home/c0dexter/.m2/repository/net/bytebuddy/byte-buddy/1.8.15/byte-buddy-1.8.15.jar:/home/c0dexter/.m2/repository/org/apache/commons/commons-exec/1.3/commons-exec-1.3.jar:/home/c0dexter/.m2/repository/com/google/guava/guava/25.0-jre/guava-25.0-jre.jar:/home/c0dexter/.m2/repository/com/google/code/findbugs/jsr305/1.3.9/jsr305-1.3.9.jar:/home/c0dexter/.m2/repository/org/checkerframework/checker-compat-qual/2.0.0/checker-compat-qual-2.0.0.jar:/home/c0dexter/.m2/repository/com/google/errorprone/error_prone_annotations/2.1.3/error_prone_annotations-2.1.3.jar:/home/c0dexter/.m2/repository/com/google/j2objc/j2objc-annotations/1.1/j2objc-annotations-1.1.jar:/home/c0dexter/.m2/repository/org/codehaus/mojo/animal-sniffer-annotations/1.14/animal-sniffer-annotations-1.14.jar:/home/c0dexter/.m2/repository/com/squareup/okhttp3/okhttp/3.11.0/okhttp-3.11.0.jar:/home/c0dexter/.m2/repository/com/squareup/okio/okio/1.14.0/okio-1.14.0.jar:/home/c0dexter/.m2/repository/org/apache/logging/log4j/log4j-core/2.13.3/log4j-core-2.13.3.jar:/home/c0dexter/.m2/repository/org/apache/logging/log4j/log4j-api/2.13.3/log4j-api-2.13.3.jar:/home/c0dexter/.m2/repository/org/assertj/assertj-core/3.17.2/assertj-core-3.17.2.jar:"/>
    <property name="sun.cpu.endian" value="little"/>
    <property name="allure.results.directory" value="/home/c0dexter/IdeaProjects/Selenium/FirstProject/target/allure-results"/>
    <property name="user.home" value="/home/c0dexter"/>
    <property name="user.language" value="pl"/>
    <property name="java.specification.vendor" value="Oracle Corporation"/>
    <property name="java.home" value="/usr/lib/jvm/java-8-openjdk-amd64/jre"/>
    <property name="basedir" value="/home/c0dexter/IdeaProjects/Selenium/FirstProject"/>
    <property name="file.separator" value="/"/>
    <property name="line.separator" value="&#10;"/>
    <property name="java.vm.specification.vendor" value="Oracle Corporation"/>
    <property name="java.specification.name" value="Java Platform API Specification"/>
    <property name="java.awt.graphicsenv" value="sun.awt.X11GraphicsEnvironment"/>
    <property name="surefire.real.class.path" value="/home/c0dexter/IdeaProjects/Selenium/FirstProject/target/surefire/surefirebooter2273261939532535277.jar:/home/c0dexter/.m2/repository/org/aspectj/aspectjweaver/1.9.2/aspectjweaver-1.9.2.jar"/>
    <property name="sun.boot.class.path" value="/usr/lib/jvm/java-8-openjdk-amd64/jre/lib/resources.jar:/usr/lib/jvm/java-8-openjdk-amd64/jre/lib/rt.jar:/usr/lib/jvm/java-8-openjdk-amd64/jre/lib/sunrsasign.jar:/usr/lib/jvm/java-8-openjdk-amd64/jre/lib/jsse.jar:/usr/lib/jvm/java-8-openjdk-amd64/jre/lib/jce.jar:/usr/lib/jvm/java-8-openjdk-amd64/jre/lib/charsets.jar:/usr/lib/jvm/java-8-openjdk-amd64/jre/lib/jfr.jar:/usr/lib/jvm/java-8-openjdk-amd64/jre/classes"/>
    <property name="sun.management.compiler" value="HotSpot 64-Bit Tiered Compilers"/>
    <property name="java.runtime.version" value="1.8.0_265-8u265-b01-0ubuntu2~18.04-b01"/>
    <property name="user.name" value="c0dexter"/>
    <property name="path.separator" value=":"/>
    <property name="os.version" value="5.4.0-47-generic"/>
    <property name="java.endorsed.dirs" value="/usr/lib/jvm/java-8-openjdk-amd64/jre/lib/endorsed"/>
    <property name="java.runtime.name" value="OpenJDK Runtime Environment"/>
    <property name="file.encoding" value="UTF-8"/>
    <property name="java.vm.name" value="OpenJDK 64-Bit Server VM"/>
    <property name="localRepository" value="/home/c0dexter/.m2/repository"/>
    <property name="java.vendor.url.bug" value="http://bugreport.sun.com/bugreport/"/>
    <property name="java.io.tmpdir" value="/tmp"/>
    <property name="java.version" value="1.8.0_265"/>
    <property name="user.dir" value="/home/c0dexter/IdeaProjects/Selenium/FirstProject"/>
    <property name="os.arch" value="amd64"/>
    <property name="webdriver.gecko.driver" value="drivers/repository/firefox_0_26_0/geckodriver"/>
    <property name="java.vm.specification.name" value="Java Virtual Machine Specification"/>
    <property name="java.awt.printerjob" value="sun.print.PSPrinterJob"/>
    <property name="sun.os.patch.level" value="unknown"/>
    <property name="java.library.path" value="/usr/java/packages/lib/amd64:/usr/lib/x86_64-linux-gnu/jni:/lib/x86_64-linux-gnu:/usr/lib/x86_64-linux-gnu:/usr/lib/jni:/lib:/usr/lib"/>
    <property name="java.vm.info" value="mixed mode"/>
    <property name="java.vendor" value="Private Build"/>
    <property name="java.vm.version" value="25.265-b01"/>
    <property name="java.ext.dirs" value="/usr/lib/jvm/java-8-openjdk-amd64/jre/lib/ext:/usr/java/packages/lib/ext"/>
    <property name="sun.io.unicode.encoding" value="UnicodeLittle"/>
    <property name="java.class.version" value="52.0"/>
  </properties>
  <testcase name="asUserTryToLogInWithCorrectLoginAndPassword" classname="framework.tests.PositiveLoginTests" time="1.481">
    <system-out><![CDATA[[INFO ] 2020-09-15 22:45:52.786 [TestNG-tests-1] configuration.PropertiesLoader - Trying to load properties with file name: configuration.properties
[INFO ] 2020-09-15 22:45:52.796 [TestNG-tests-1] configuration.PropertiesLoader - Successfully loaded properties for file: configuration.properties
[INFO ] 2020-09-15 22:45:55.747 [TestNG-tests-2] framework.driver.listeners.DriverEventListener - Trying to navigate to http://przyklady.javastart.pl/jpetstore/
[INFO ] 2020-09-15 22:45:56.021 [TestNG-tests-2] framework.driver.listeners.DriverEventListener - Navigated to http://przyklady.javastart.pl/jpetstore/
[INFO ] 2020-09-15 22:45:56.266 [TestNG-tests-2] framework.driver.listeners.DriverEventListener - Trying to navigate to http://przyklady.javastart.pl/jpetstore/actions/Account.action?signonForm=
[INFO ] 2020-09-15 22:45:56.533 [TestNG-tests-2] framework.driver.listeners.DriverEventListener - Navigated to http://przyklady.javastart.pl/jpetstore/actions/Account.action?signonForm=
[INFO ] 2020-09-15 22:45:56.652 [TestNG-tests-2] framework.driver.listeners.DriverEventListener - Trying to find element with locator By.name: username
[INFO ] 2020-09-15 22:45:56.694 [TestNG-tests-2] framework.driver.listeners.DriverEventListener - Found element with locator By.name: username
[INFO ] 2020-09-15 22:45:56.778 [TestNG-tests-2] framework.driver.listeners.DriverEventListener - Trying to find element with locator By.name: username
[INFO ] 2020-09-15 22:45:56.797 [TestNG-tests-2] framework.driver.listeners.DriverEventListener - Found element with locator By.name: username
[INFO ] 2020-09-15 22:45:56.808 [TestNG-tests-2] framework.driver.listeners.DriverEventListener - Trying to enter empty string or clear element: input
[INFO ] 2020-09-15 22:45:56.897 [TestNG-tests-2] framework.driver.listeners.DriverEventListener - Entered empty string or cleared element: input
[INFO ] 2020-09-15 22:45:56.897 [TestNG-tests-2] framework.driver.listeners.DriverEventListener - Trying to find element with locator By.name: username
[INFO ] 2020-09-15 22:45:56.912 [TestNG-tests-2] framework.driver.listeners.DriverEventListener - Found element with locator By.name: username
[INFO ] 2020-09-15 22:45:56.920 [TestNG-tests-2] framework.driver.listeners.DriverEventListener - Trying to type into element: input text [j2ee]
[INFO ] 2020-09-15 22:45:56.995 [TestNG-tests-2] framework.driver.listeners.DriverEventListener - Typed into element: input text [j2ee]
[INFO ] 2020-09-15 22:45:57.000 [TestNG-tests-2] framework.page.objects.LoginPage - Typed into User Name Field j2ee
[INFO ] 2020-09-15 22:45:57.000 [TestNG-tests-2] framework.driver.listeners.DriverEventListener - Trying to find element with locator By.name: password
[INFO ] 2020-09-15 22:45:57.023 [TestNG-tests-2] framework.driver.listeners.DriverEventListener - Found element with locator By.name: password
[INFO ] 2020-09-15 22:45:57.031 [TestNG-tests-2] framework.driver.listeners.DriverEventListener - Trying to enter empty string or clear element: input
[INFO ] 2020-09-15 22:45:57.098 [TestNG-tests-2] framework.driver.listeners.DriverEventListener - Entered empty string or cleared element: input
[INFO ] 2020-09-15 22:45:57.099 [TestNG-tests-2] framework.driver.listeners.DriverEventListener - Trying to find element with locator By.name: password
[INFO ] 2020-09-15 22:45:57.112 [TestNG-tests-2] framework.driver.listeners.DriverEventListener - Found element with locator By.name: password
[INFO ] 2020-09-15 22:45:57.118 [TestNG-tests-2] framework.driver.listeners.DriverEventListener - Trying to type into element: input text [j2ee]
[INFO ] 2020-09-15 22:45:57.188 [TestNG-tests-2] framework.driver.listeners.DriverEventListener - Typed into element: input text [j2ee]
[INFO ] 2020-09-15 22:45:57.188 [TestNG-tests-2] framework.page.objects.LoginPage - Typed into Password Field j2ee
[INFO ] 2020-09-15 22:45:57.189 [TestNG-tests-2] framework.driver.listeners.DriverEventListener - Trying to find element with locator By.name: signon
[INFO ] 2020-09-15 22:45:57.213 [TestNG-tests-2] framework.driver.listeners.DriverEventListener - Found element with locator By.name: signon
[INFO ] 2020-09-15 22:45:57.221 [TestNG-tests-2] framework.driver.listeners.DriverEventListener - Trying to click on element with tag name: input
[INFO ] 2020-09-15 22:45:57.516 [TestNG-tests-2] framework.driver.listeners.DriverEventListener - Clicked on element
[INFO ] 2020-09-15 22:45:57.517 [TestNG-tests-2] framework.page.objects.LoginPage - Clicked on Login Button
[INFO ] 2020-09-15 22:45:57.518 [TestNG-tests-2] framework.driver.listeners.DriverEventListener - Trying to find element with locator By.cssSelector: #Banner img[src*='dog']
[INFO ] 2020-09-15 22:45:57.545 [TestNG-tests-2] framework.driver.listeners.DriverEventListener - Found element with locator By.cssSelector: #Banner img[src*='dog']
[INFO ] 2020-09-15 22:45:57.653 [TestNG-tests-2] framework.driver.listeners.DriverEventListener - Trying to find element with locator By.cssSelector: #Banner img[src*='dog']
[INFO ] 2020-09-15 22:45:57.673 [TestNG-tests-2] framework.driver.listeners.DriverEventListener - Found element with locator By.cssSelector: #Banner img[src*='dog']
[INFO ] 2020-09-15 22:45:57.747 [TestNG-tests-2] framework.page.objects.FooterPage - Returning status of banner after login: true
]]></system-out>
    <system-err><![CDATA[Starting ChromeDriver 85.0.4183.87 (cd6713ebf92fa1cacc0f1a598df280093af0c5d7-refs/branch-heads/4183@{#1689}) on port 29742
Only local connections are allowed.
Please see https://chromedriver.chromium.org/security-considerations for suggestions on keeping ChromeDriver safe.
ChromeDriver was started successfully.
1600202753746	mozrunner::runner	INFO	Running command: "/usr/lib/firefox/firefox" "-marionette" "-foreground" "-no-remote" "-profile" "/tmp/rust_mozprofileCy7TGy"
wrz 15, 2020 10:45:55 PM org.openqa.selenium.remote.ProtocolHandshake createSession
INFO: Detected dialect: W3C
]]></system-err>
  </testcase>
  <testcase name="asUserTryToLogInWithIncorrectLoginAndPassword" classname="framework.tests.FailedLoginTests" time="1.003">
    <system-out><![CDATA[[INFO ] 2020-09-15 22:46:00.329 [TestNG-tests-1] framework.driver.listeners.DriverEventListener - Trying to navigate to http://przyklady.javastart.pl/jpetstore/
[INFO ] 2020-09-15 22:46:00.666 [TestNG-tests-1] framework.driver.listeners.DriverEventListener - Navigated to http://przyklady.javastart.pl/jpetstore/
[INFO ] 2020-09-15 22:46:00.681 [TestNG-tests-1] framework.driver.listeners.DriverEventListener - Trying to navigate to http://przyklady.javastart.pl/jpetstore/actions/Account.action?signonForm=
[INFO ] 2020-09-15 22:46:00.935 [TestNG-tests-1] framework.driver.listeners.DriverEventListener - Navigated to http://przyklady.javastart.pl/jpetstore/actions/Account.action?signonForm=
[INFO ] 2020-09-15 22:46:00.938 [TestNG-tests-1] framework.driver.listeners.DriverEventListener - Trying to find element with locator By.name: username
[INFO ] 2020-09-15 22:46:00.966 [TestNG-tests-1] framework.driver.listeners.DriverEventListener - Found element with locator By.name: username
[INFO ] 2020-09-15 22:46:01.019 [TestNG-tests-1] framework.driver.listeners.DriverEventListener - Trying to find element with locator By.name: username
[INFO ] 2020-09-15 22:46:01.030 [TestNG-tests-1] framework.driver.listeners.DriverEventListener - Found element with locator By.name: username
[INFO ] 2020-09-15 22:46:01.038 [TestNG-tests-1] framework.driver.listeners.DriverEventListener - Trying to enter empty string or clear element: input
[INFO ] 2020-09-15 22:46:01.060 [TestNG-tests-1] framework.driver.listeners.DriverEventListener - Entered empty string or cleared element: input
[INFO ] 2020-09-15 22:46:01.060 [TestNG-tests-1] framework.driver.listeners.DriverEventListener - Trying to find element with locator By.name: username
[INFO ] 2020-09-15 22:46:01.074 [TestNG-tests-1] framework.driver.listeners.DriverEventListener - Found element with locator By.name: username
[INFO ] 2020-09-15 22:46:01.081 [TestNG-tests-1] framework.driver.listeners.DriverEventListener - Trying to type into element: input text [NotExistingLogin]
[INFO ] 2020-09-15 22:46:01.141 [TestNG-tests-1] framework.driver.listeners.DriverEventListener - Typed into element: input text [NotExistingLogin]
[INFO ] 2020-09-15 22:46:01.141 [TestNG-tests-1] framework.page.objects.LoginPage - Typed into User Name Field NotExistingLogin
[INFO ] 2020-09-15 22:46:01.142 [TestNG-tests-1] framework.driver.listeners.DriverEventListener - Trying to find element with locator By.name: password
[INFO ] 2020-09-15 22:46:01.151 [TestNG-tests-1] framework.driver.listeners.DriverEventListener - Found element with locator By.name: password
[INFO ] 2020-09-15 22:46:01.157 [TestNG-tests-1] framework.driver.listeners.DriverEventListener - Trying to enter empty string or clear element: input
[INFO ] 2020-09-15 22:46:01.180 [TestNG-tests-1] framework.driver.listeners.DriverEventListener - Entered empty string or cleared element: input
[INFO ] 2020-09-15 22:46:01.180 [TestNG-tests-1] framework.driver.listeners.DriverEventListener - Trying to find element with locator By.name: password
[INFO ] 2020-09-15 22:46:01.189 [TestNG-tests-1] framework.driver.listeners.DriverEventListener - Found element with locator By.name: password
[INFO ] 2020-09-15 22:46:01.196 [TestNG-tests-1] framework.driver.listeners.DriverEventListener - Trying to type into element: input text [NotProperPassword]
[INFO ] 2020-09-15 22:46:01.243 [TestNG-tests-1] framework.driver.listeners.DriverEventListener - Typed into element: input text [NotProperPassword]
[INFO ] 2020-09-15 22:46:01.244 [TestNG-tests-1] framework.page.objects.LoginPage - Typed into Password Field NotProperPassword
[INFO ] 2020-09-15 22:46:01.245 [TestNG-tests-1] framework.driver.listeners.DriverEventListener - Trying to find element with locator By.name: signon
[INFO ] 2020-09-15 22:46:01.254 [TestNG-tests-1] framework.driver.listeners.DriverEventListener - Found element with locator By.name: signon
[INFO ] 2020-09-15 22:46:01.260 [TestNG-tests-1] framework.driver.listeners.DriverEventListener - Trying to click on element with tag name: input
[INFO ] 2020-09-15 22:46:01.405 [TestNG-tests-1] framework.driver.listeners.DriverEventListener - Clicked on element
[INFO ] 2020-09-15 22:46:01.405 [TestNG-tests-1] framework.page.objects.LoginPage - Clicked on Login Button
[INFO ] 2020-09-15 22:46:01.406 [TestNG-tests-1] framework.page.objects.LoginPage - Checking if warning message Invalid username or password. Signon failed. is displayed
[INFO ] 2020-09-15 22:46:01.407 [TestNG-tests-1] framework.driver.listeners.DriverEventListener - Trying to find element with locator By.cssSelector: #Content ul[class='messages'] li
[INFO ] 2020-09-15 22:46:01.433 [TestNG-tests-1] framework.driver.listeners.DriverEventListener - Found element with locator By.cssSelector: #Content ul[class='messages'] li
[INFO ] 2020-09-15 22:46:01.567 [TestNG-tests-1] framework.generic.assertions.AssertWebElement - Checking if element is displayed
[INFO ] 2020-09-15 22:46:01.568 [TestNG-tests-1] framework.driver.listeners.DriverEventListener - Trying to find element with locator By.cssSelector: #Content ul[class='messages'] li
[INFO ] 2020-09-15 22:46:01.578 [TestNG-tests-1] framework.driver.listeners.DriverEventListener - Found element with locator By.cssSelector: #Content ul[class='messages'] li
[INFO ] 2020-09-15 22:46:01.656 [TestNG-tests-1] framework.generic.assertions.AssertWebElement - WebElement was displayed!
[INFO ] 2020-09-15 22:46:01.657 [TestNG-tests-1] framework.generic.assertions.AssertWebElement - Checking if WebElement has text: Invalid username or password. Signon failed.
[INFO ] 2020-09-15 22:46:01.657 [TestNG-tests-1] framework.driver.listeners.DriverEventListener - Trying to find element with locator By.cssSelector: #Content ul[class='messages'] li
[INFO ] 2020-09-15 22:46:01.667 [TestNG-tests-1] framework.driver.listeners.DriverEventListener - Found element with locator By.cssSelector: #Content ul[class='messages'] li
[INFO ] 2020-09-15 22:46:01.668 [TestNG-tests-1] framework.driver.listeners.DriverEventListener - Trying to get text for WebElement
[INFO ] 2020-09-15 22:46:01.700 [TestNG-tests-1] framework.driver.listeners.DriverEventListener - Taken text of WebElement. Text wast Invalid username or password. Signon failed.
[INFO ] 2020-09-15 22:46:01.701 [TestNG-tests-1] framework.generic.assertions.AssertWebElement - WebElement had expected text!
]]></system-out>
    <system-err><![CDATA[console.error: SearchCache: "_readCacheFile: Error reading cache file:" (new Error("", "(unknown module)"))
JavaScript error: resource://gre/modules/TelemetryUtils.jsm, line 159: TypeError: date is undefined
1600202759859	Marionette	INFO	Listening on port 33467
1600202759901	Marionette	WARN	TLS certificate errors will be ignored for this session
wrz 15, 2020 10:45:59 PM org.openqa.selenium.remote.ProtocolHandshake createSession
INFO: Detected dialect: W3C
JavaScript error: resource://gre/modules/URIFixup.jsm, line 271: NS_ERROR_FAILURE: Should pass a non-null uri
]]></system-err>
  </testcase>
</testsuite>