<?xml version="1.0" encoding="UTF-8"?>
<!-- Generated by org.testng.reporters.JUnitReportReporter -->
<testsuite skipped="0" hostname="c0dexter-HP-EliteBook-8540w" name="framework.tests.PositiveLoginTests" tests="1" failures="0" timestamp="2020-09-03T17:00:19 CEST" time="21.839" errors="0">
  <testcase name="asUserTryToLogInWithCorrectLoginAndPassword" time="21.839" classname="framework.tests.PositiveLoginTests"/>
</testsuite> <!-- framework.tests.PositiveLoginTests -->
