<?xml version="1.0" encoding="UTF-8"?>
<!-- Generated by org.testng.reporters.JUnitReportReporter -->
<testsuite skipped="0" hostname="c0dexter-HP-EliteBook-8540w" name="framework.tests.FailedLoginTests" tests="1" failures="0" timestamp="2020-09-13T21:36:30 CEST" time="8.901" errors="0">
  <testcase name="asUserTryToLogInWithIncorrectLoginAndPassword" time="8.901" classname="framework.tests.FailedLoginTests"/>
</testsuite> <!-- framework.tests.FailedLoginTests -->
