<?xml version="1.0" encoding="UTF-8"?>
<!-- Generated by org.testng.reporters.JUnitReportReporter -->
<testsuite skipped="0" hostname="c0dexter-HP-EliteBook-8540w" name="framework.tests.ShoppingCartTest" tests="1" failures="0" timestamp="2020-08-29T23:06:29 CEST" time="8.779" errors="0">
  <testcase name="asNotLoggedInUserIShallNotProceedToCheckout" time="8.779" classname="framework.tests.ShoppingCartTest"/>
</testsuite> <!-- framework.tests.ShoppingCartTest -->
